#
# A fatal error has been detected by the Java Runtime Environment:
#
#  EXCEPTION_ACCESS_VIOLATION (0xc0000005) at pc=0x000000000388b8c9, pid=10248, tid=10040
#
# JRE version: Java(TM) SE Runtime Environment (8.0_77-b03) (build 1.8.0_77-b03)
# Java VM: Java HotSpot(TM) 64-Bit Server VM (25.77-b03 mixed mode windows-amd64 compressed oops)
# Problematic frame:
# J 5523 C2 java.util.HashMap.removeNode(ILjava/lang/Object;Ljava/lang/Object;ZZ)Ljava/util/HashMap$Node; (291 bytes) @ 0x000000000388b8c9 [0x000000000388b740+0x189]
#
# Failed to write core dump. Minidumps are not enabled by default on client versions of Windows
#
# If you would like to submit a bug report, please visit:
#   http://bugreport.java.com/bugreport/crash.jsp
#

---------------  T H R E A D  ---------------

Current thread (0x000000001bdfa800):  JavaThread "Finalizer" daemon [_thread_in_Java, id=10040, stack(0x000000001d210000,0x000000001d310000)]

siginfo: ExceptionCode=0xc0000005, reading address 0x0000000102d11c8c

Registers:
RAX=0x00000000377ea7ce, RBX=0x0000000102d11c80, RCX=0x0000000000000001, RDX=0x00000006c23f3528
RSP=0x000000001d30ecb0, RBP=0x0000000000000000, RSI=0x0000000000000000, RDI=0x0000000000000054
R8 =0x0000000102d11c80, R9 =0x00000006c68f4e00, R10=0x000000000000000e, R11=0x00000006c23f3570
R12=0x0000000000000000, R13=0x00000006c2bb6038, R14=0x00000000d847e6a5, R15=0x000000001bdfa800
RIP=0x000000000388b8c9, EFLAGS=0x0000000000010202

Top of Stack: (sp=0x000000001d30ecb0)
0x000000001d30ecb0:   00000007c007c918 000000000280efde
0x000000001d30ecc0:   00000006c68f4e00 000000001bdfa800
0x000000001d30ecd0:   000000001bdfa800 0000000000000000
0x000000001d30ece0:   0000000000000000 0000000000000000
0x000000001d30ecf0:   0000000000000000 0000000000000000
0x000000001d30ed00:   000000001d30edf8 0000000002c1a55c
0x000000001d30ed10:   0000000000000000 0000000000000000
0x000000001d30ed20:   0000000000000000 0000000000000000
0x000000001d30ed30:   0000000000000000 0000000000000000
0x000000001d30ed40:   0000000000000000 0000000000000000
0x000000001d30ed50:   0000000000000000 0000000000000000
0x000000001d30ed60:   0000000000000000 00000006c23f34f8
0x000000001d30ed70:   00000006c68f4e00 0000000000000000
0x000000001d30ed80:   000000001d30edf8 0000000002717a70
0x000000001d30ed90:   0000000002717a70 00000006c68f4e00
0x000000001d30eda0:   00000006c23f34f8 0000000000000019 

Instructions: (pc=0x000000000388b8c9)
0x000000000388b8a9:   01 00 00 00 81 f9 ea 72 00 f8 0f 84 c0 03 00 00
0x000000000388b8b9:   4d 8d 04 fc 33 c9 c4 e1 f9 6e c9 b9 01 00 00 00
0x000000000388b8c9:   41 8b 78 0c 3b f8 0f 85 6c 01 00 00 41 8b 78 10
0x000000000388b8d9:   8b f7 48 8b df 48 c1 e3 03 49 3b d9 0f 85 77 01 


Register to memory mapping:

RAX=0x00000000377ea7ce is an unknown value
RBX=0x0000000102d11c80 is an unknown value
RCX=0x0000000000000001 is an unknown value
RDX=0x00000006c23f3528 is an oop
[Ljava.util.HashMap$Node; 
 - klass: 'java/util/HashMap$Node'[]
 - length: 16
RSP=0x000000001d30ecb0 is pointing into the stack for thread: 0x000000001bdfa800
RBP=0x0000000000000000 is an unknown value
RSI=0x0000000000000000 is an unknown value
RDI=0x0000000000000054 is an unknown value
R8 =0x0000000102d11c80 is an unknown value
R9 =0x00000006c68f4e00 is an oop
sun.net.www.protocol.jar.URLJarFile 
 - klass: 'sun/net/www/protocol/jar/URLJarFile'
R10=0x000000000000000e is an unknown value
R11=0x00000006c23f3570 is pointing into object: 0x00000006c23f3528
[Ljava.util.HashMap$Node; 
 - klass: 'java/util/HashMap$Node'[]
 - length: 16
R12=0x0000000000000000 is an unknown value
R13=0x00000006c2bb6038 is pointing into object: 0x00000006c2bb6020
java.util.HashMap$Node 
 - klass: 'java/util/HashMap$Node'
R14=0x00000000d847e6a5 is an unknown value
R15=0x000000001bdfa800 is a thread


Stack: [0x000000001d210000,0x000000001d310000],  sp=0x000000001d30ecb0,  free space=1019k
Native frames: (J=compiled Java code, j=interpreted, Vv=VM code, C=native code)


---------------  P R O C E S S  ---------------

Java Threads: ( => current thread )
  0x000000001e6b4000 JavaThread "pool-1-thread-4" [_thread_in_native, id=3424, stack(0x0000000025750000,0x0000000025850000)]
  0x000000001e251800 JavaThread "pool-1-thread-3" [_thread_in_native, id=10944, stack(0x0000000025640000,0x0000000025740000)]
  0x000000001e8e7800 JavaThread "pool-1-thread-2" [_thread_blocked, id=10492, stack(0x0000000025490000,0x0000000025590000)]
  0x000000001ec8c800 JavaThread "pool-1-thread-1" [_thread_in_native, id=9432, stack(0x0000000023be0000,0x0000000023ce0000)]
  0x000000001d3f7000 JavaThread "Service Thread" daemon [_thread_blocked, id=10328, stack(0x000000001df60000,0x000000001e060000)]
  0x000000001d366000 JavaThread "C1 CompilerThread2" daemon [_thread_blocked, id=9712, stack(0x000000001de10000,0x000000001df10000)]
  0x000000001d35c000 JavaThread "C2 CompilerThread1" daemon [_thread_in_native, id=6128, stack(0x000000001d8d0000,0x000000001d9d0000)]
  0x000000001d35b000 JavaThread "C2 CompilerThread0" daemon [_thread_in_native, id=10700, stack(0x000000001dc20000,0x000000001dd20000)]
  0x000000001d357800 JavaThread "Monitor Ctrl-Break" daemon [_thread_in_native, id=9728, stack(0x000000001d9d0000,0x000000001dad0000)]
  0x000000001be1e800 JavaThread "Attach Listener" daemon [_thread_blocked, id=9732, stack(0x000000001d7a0000,0x000000001d8a0000)]
  0x000000001be10000 JavaThread "Signal Dispatcher" daemon [_thread_blocked, id=10868, stack(0x000000001cf90000,0x000000001d090000)]
=>0x000000001bdfa800 JavaThread "Finalizer" daemon [_thread_in_Java, id=10040, stack(0x000000001d210000,0x000000001d310000)]
  0x000000001bdb3800 JavaThread "Reference Handler" daemon [_thread_blocked, id=5276, stack(0x000000001d0b0000,0x000000001d1b0000)]
  0x0000000002278000 JavaThread "main" [_thread_blocked, id=8700, stack(0x0000000002610000,0x0000000002710000)]

Other Threads:
  0x000000001bdab800 VMThread [stack: 0x000000001ce60000,0x000000001cf60000] [id=10060]
  0x000000001d42d800 WatcherThread [stack: 0x000000001e0d0000,0x000000001e1d0000] [id=3524]

VM state:not at safepoint (normal execution)

VM Mutex/Monitor currently owned by a thread: None

Heap:
 PSYoungGen      total 270848K, used 2148K [0x000000076b580000, 0x0000000784500000, 0x00000007c0000000)
  eden space 260096K, 0% used [0x000000076b580000,0x000000076b799360,0x000000077b380000)
  from space 10752K, 0% used [0x000000077b380000,0x000000077b380000,0x000000077be00000)
  to   space 72704K, 0% used [0x000000077fe00000,0x000000077fe00000,0x0000000784500000)
 ParOldGen       total 326144K, used 99746K [0x00000006c2000000, 0x00000006d5e80000, 0x000000076b580000)
  object space 326144K, 30% used [0x00000006c2000000,0x00000006c8168b38,0x00000006d5e80000)
 Metaspace       used 29964K, capacity 30808K, committed 32384K, reserved 1077248K
  class space    used 3436K, capacity 3675K, committed 3968K, reserved 1048576K

Card table byte_map: [0x0000000011ad0000,0x00000000122d0000] byte_map_base: 0x000000000e4c0000

Marking Bits: (ParMarkBitMap*) 0x0000000070580600
 Begin Bits: [0x0000000012d30000, 0x0000000016cb0000)
 End Bits:   [0x0000000016cb0000, 0x000000001ac30000)

Polling page: 0x0000000000230000

CodeCache: size=245760Kb used=18687Kb max_used=18867Kb free=227072Kb
 bounds [0x0000000002710000, 0x00000000039b0000, 0x0000000011710000]
 total_blobs=6322 nmethods=5851 adapters=382
 compilation: enabled

Compilation events (10 events):
Event: 4.379 Thread 0x000000001d35b000 nmethod 6152 0x0000000002a44a90 code [0x0000000002a44c00, 0x0000000002a45848]
Event: 4.383 Thread 0x000000001d35c000 6155       4       java.io.FileInputStream::read (8 bytes)
Event: 4.383 Thread 0x000000001d35c000 nmethod 6155 0x00000000029bb110 code [0x00000000029bb260, 0x00000000029bb2e8]
Event: 4.442 Thread 0x000000001d366000 6156       3       java.util.concurrent.ConcurrentLinkedQueue$Node::<init> (16 bytes)
Event: 4.443 Thread 0x000000001d366000 nmethod 6156 0x00000000029c0610 code [0x00000000029c0760, 0x00000000029c0930]
Event: 4.614 Thread 0x000000001d35b000 6157       4       java.lang.ref.ReferenceQueue::remove (6 bytes)
Event: 4.614 Thread 0x000000001d35c000 6158   !   4       java.lang.ref.ReferenceQueue::remove (125 bytes)
Event: 4.614 Thread 0x000000001d366000 6162       3       java.util.zip.Inflater::finalize (5 bytes)
Event: 4.614 Thread 0x000000001d366000 nmethod 6162 0x00000000029c0250 code [0x00000000029c03c0, 0x00000000029c0568]
Event: 4.614 Thread 0x000000001d366000 6163       3       org.apache.commons.compress.archivers.zip.ZipArchiveEntryRequest::createZipArchiveEntryRequest (10 bytes)

GC Heap History (10 events):
Event: 1.865 GC heap before
{Heap before GC invocations=3 (full 0):
 PSYoungGen      total 140800K, used 115107K [0x000000076b580000, 0x0000000774980000, 0x00000007c0000000)
  eden space 130048K, 80% used [0x000000076b580000,0x0000000771ba23f0,0x0000000773480000)
  from space 10752K, 97% used [0x0000000773f00000,0x0000000774946b78,0x0000000774980000)
  to   space 10752K, 0% used [0x0000000773480000,0x0000000773480000,0x0000000773f00000)
 ParOldGen       total 173568K, used 24K [0x00000006c2000000, 0x00000006cc980000, 0x000000076b580000)
  object space 173568K, 0% used [0x00000006c2000000,0x00000006c2006000,0x00000006cc980000)
 Metaspace       used 20699K, capacity 21096K, committed 21296K, reserved 1069056K
  class space    used 2500K, capacity 2618K, committed 2688K, reserved 1048576K
Event: 1.885 GC heap after
Heap after GC invocations=3 (full 0):
 PSYoungGen      total 140800K, used 10744K [0x000000076b580000, 0x000000077c880000, 0x00000007c0000000)
  eden space 130048K, 0% used [0x000000076b580000,0x000000076b580000,0x0000000773480000)
  from space 10752K, 99% used [0x0000000773480000,0x0000000773efe070,0x0000000773f00000)
  to   space 10752K, 0% used [0x000000077be00000,0x000000077be00000,0x000000077c880000)
 ParOldGen       total 173568K, used 3443K [0x00000006c2000000, 0x00000006cc980000, 0x000000076b580000)
  object space 173568K, 1% used [0x00000006c2000000,0x00000006c235cf80,0x00000006cc980000)
 Metaspace       used 20699K, capacity 21096K, committed 21296K, reserved 1069056K
  class space    used 2500K, capacity 2618K, committed 2688K, reserved 1048576K
}
Event: 1.886 GC heap before
{Heap before GC invocations=4 (full 1):
 PSYoungGen      total 140800K, used 10744K [0x000000076b580000, 0x000000077c880000, 0x00000007c0000000)
  eden space 130048K, 0% used [0x000000076b580000,0x000000076b580000,0x0000000773480000)
  from space 10752K, 99% used [0x0000000773480000,0x0000000773efe070,0x0000000773f00000)
  to   space 10752K, 0% used [0x000000077be00000,0x000000077be00000,0x000000077c880000)
 ParOldGen       total 173568K, used 3443K [0x00000006c2000000, 0x00000006cc980000, 0x000000076b580000)
  object space 173568K, 1% used [0x00000006c2000000,0x00000006c235cf80,0x00000006cc980000)
 Metaspace       used 20699K, capacity 21096K, committed 21296K, reserved 1069056K
  class space    used 2500K, capacity 2618K, committed 2688K, reserved 1048576K
Event: 1.944 GC heap after
Heap after GC invocations=4 (full 1):
 PSYoungGen      total 140800K, used 0K [0x000000076b580000, 0x000000077c880000, 0x00000007c0000000)
  eden space 130048K, 0% used [0x000000076b580000,0x000000076b580000,0x0000000773480000)
  from space 10752K, 0% used [0x0000000773480000,0x0000000773480000,0x0000000773f00000)
  to   space 10752K, 0% used [0x000000077be00000,0x000000077be00000,0x000000077c880000)
 ParOldGen       total 120320K, used 14025K [0x00000006c2000000, 0x00000006c9580000, 0x000000076b580000)
  object space 120320K, 11% used [0x00000006c2000000,0x00000006c2db2440,0x00000006c9580000)
 Metaspace       used 20699K, capacity 21096K, committed 21296K, reserved 1069056K
  class space    used 2500K, capacity 2618K, committed 2688K, reserved 1048576K
}
Event: 2.790 GC heap before
{Heap before GC invocations=5 (full 1):
 PSYoungGen      total 140800K, used 130048K [0x000000076b580000, 0x000000077c880000, 0x00000007c0000000)
  eden space 130048K, 100% used [0x000000076b580000,0x0000000773480000,0x0000000773480000)
  from space 10752K, 0% used [0x0000000773480000,0x0000000773480000,0x0000000773f00000)
  to   space 10752K, 0% used [0x000000077be00000,0x000000077be00000,0x000000077c880000)
 ParOldGen       total 120320K, used 14025K [0x00000006c2000000, 0x00000006c9580000, 0x000000076b580000)
  object space 120320K, 11% used [0x00000006c2000000,0x00000006c2db2440,0x00000006c9580000)
 Metaspace       used 24293K, capacity 24956K, committed 25088K, reserved 1071104K
  class space    used 2843K, capacity 3006K, committed 3072K, reserved 1048576K
Event: 2.811 GC heap after
Heap after GC invocations=5 (full 1):
 PSYoungGen      total 197120K, used 10745K [0x000000076b580000, 0x000000077c880000, 0x00000007c0000000)
  eden space 186368K, 0% used [0x000000076b580000,0x000000076b580000,0x0000000776b80000)
  from space 10752K, 99% used [0x000000077be00000,0x000000077c87e420,0x000000077c880000)
  to   space 10752K, 0% used [0x000000077b380000,0x000000077b380000,0x000000077be00000)
 ParOldGen       total 120320K, used 22837K [0x00000006c2000000, 0x00000006c9580000, 0x000000076b580000)
  object space 120320K, 18% used [0x00000006c2000000,0x00000006c364d7e8,0x00000006c9580000)
 Metaspace       used 24293K, capacity 24956K, committed 25088K, reserved 1071104K
  class space    used 2843K, capacity 3006K, committed 3072K, reserved 1048576K
}
Event: 4.489 GC heap before
{Heap before GC invocations=6 (full 1):
 PSYoungGen      total 197120K, used 194416K [0x000000076b580000, 0x000000077c880000, 0x00000007c0000000)
  eden space 186368K, 98% used [0x000000076b580000,0x00000007768ddbe0,0x0000000776b80000)
  from space 10752K, 99% used [0x000000077be00000,0x000000077c87e420,0x000000077c880000)
  to   space 10752K, 0% used [0x000000077b380000,0x000000077b380000,0x000000077be00000)
 ParOldGen       total 120320K, used 32603K [0x00000006c2000000, 0x00000006c9580000, 0x000000076b580000)
  object space 120320K, 27% used [0x00000006c2000000,0x00000006c3fd6e78,0x00000006c9580000)
 Metaspace       used 31144K, capacity 32104K, committed 32384K, reserved 1077248K
  class space    used 3588K, capacity 3850K, committed 3968K, reserved 1048576K
Event: 4.519 GC heap after
Heap after GC invocations=6 (full 1):
 PSYoungGen      total 270848K, used 10730K [0x000000076b580000, 0x0000000784500000, 0x00000007c0000000)
  eden space 260096K, 0% used [0x000000076b580000,0x000000076b580000,0x000000077b380000)
  from space 10752K, 99% used [0x000000077b380000,0x000000077bdfabb0,0x000000077be00000)
  to   space 72704K, 0% used [0x000000077fe00000,0x000000077fe00000,0x0000000784500000)
 ParOldGen       total 120320K, used 113861K [0x00000006c2000000, 0x00000006c9580000, 0x000000076b580000)
  object space 120320K, 94% used [0x00000006c2000000,0x00000006c8f316b0,0x00000006c9580000)
 Metaspace       used 31144K, capacity 32104K, committed 32384K, reserved 1077248K
  class space    used 3588K, capacity 3850K, committed 3968K, reserved 1048576K
}
Event: 4.519 GC heap before
{Heap before GC invocations=7 (full 2):
 PSYoungGen      total 270848K, used 10730K [0x000000076b580000, 0x0000000784500000, 0x00000007c0000000)
  eden space 260096K, 0% used [0x000000076b580000,0x000000076b580000,0x000000077b380000)
  from space 10752K, 99% used [0x000000077b380000,0x000000077bdfabb0,0x000000077be00000)
  to   space 72704K, 0% used [0x000000077fe00000,0x000000077fe00000,0x0000000784500000)
 ParOldGen       total 120320K, used 113861K [0x00000006c2000000, 0x00000006c9580000, 0x000000076b580000)
  object space 120320K, 94% used [0x00000006c2000000,0x00000006c8f316b0,0x00000006c9580000)
 Metaspace       used 31144K, capacity 32104K, committed 32384K, reserved 1077248K
  class space    used 3588K, capacity 3850K, committed 3968K, reserved 1048576K
Event: 4.613 GC heap after
Heap after GC invocations=7 (full 2):
 PSYoungGen      total 270848K, used 0K [0x000000076b580000, 0x0000000784500000, 0x00000007c0000000)
  eden space 260096K, 0% used [0x000000076b580000,0x000000076b580000,0x000000077b380000)
  from space 10752K, 0% used [0x000000077b380000,0x000000077b380000,0x000000077be00000)
  to   space 72704K, 0% used [0x000000077fe00000,0x000000077fe00000,0x0000000784500000)
 ParOldGen       total 326144K, used 99746K [0x00000006c2000000, 0x00000006d5e80000, 0x000000076b580000)
  object space 326144K, 30% used [0x00000006c2000000,0x00000006c8168b38,0x00000006d5e80000)
 Metaspace       used 29960K, capacity 30808K, committed 32384K, reserved 1077248K
  class space    used 3436K, capacity 3675K, committed 3968K, reserved 1048576K
}

Deoptimization events (10 events):
Event: 3.419 Thread 0x0000000002278000 Uncommon trap: reason=unstable_if action=reinterpret pc=0x00000000029261e4 method=java.util.HashMap.putVal(ILjava/lang/Object;Ljava/lang/Object;ZZ)Ljava/lang/Object; @ 193
Event: 3.515 Thread 0x0000000002278000 Uncommon trap: reason=unstable_if action=reinterpret pc=0x000000000382e178 method=java.util.StringTokenizer.setMaxDelimCodePoint()V @ 71
Event: 3.523 Thread 0x0000000002278000 Uncommon trap: reason=unstable_if action=reinterpret pc=0x0000000003897264 method=java.lang.Class$MethodArray.matchesNameAndDescriptor(Ljava/lang/reflect/Method;Ljava/lang/reflect/Method;)Z @ 33
Event: 3.535 Thread 0x0000000002278000 Uncommon trap: reason=unstable_if action=reinterpret pc=0x0000000002a2a53c method=java.lang.CharacterDataLatin1.isWhitespace(I)Z @ 14
Event: 3.545 Thread 0x0000000002278000 Uncommon trap: reason=unstable_if action=reinterpret pc=0x0000000003391a24 method=java.lang.reflect.Field.get(Ljava/lang/Object;)Ljava/lang/Object; @ 18
Event: 3.563 Thread 0x0000000002278000 Uncommon trap: reason=unstable_if action=reinterpret pc=0x00000000033ebc3c method=java.lang.Class.getSimpleName()Ljava/lang/String; @ 4
Event: 3.584 Thread 0x0000000002278000 Uncommon trap: reason=unstable_if action=reinterpret pc=0x0000000003919708 method=java.util.Properties$LineReader.readLine()I @ 323
Event: 3.584 Thread 0x0000000002278000 Uncommon trap: reason=unstable_if action=reinterpret pc=0x00000000038c261c method=java.util.Properties$LineReader.readLine()I @ 323
Event: 4.060 Thread 0x0000000002278000 Uncommon trap: reason=unstable_if action=reinterpret pc=0x000000000385c354 method=org.apache.maven.model.Dependency.clone()Lorg/apache/maven/model/Dependency; @ 76
Event: 4.614 Thread 0x000000001bdfa800 Uncommon trap: reason=bimorphic action=maybe_recompile pc=0x0000000003094548 method=java.util.WeakHashMap.eq(Ljava/lang/Object;Ljava/lang/Object;)Z @ 7

Internal exceptions (10 events):
Event: 3.998 Thread 0x0000000002278000 Exception <a 'sun/nio/fs/WindowsException'> (0x0000000772347910) thrown at [D:\re\workspace\8-2-build-windows-amd64-cygwin\jdk8u77\6540\hotspot\src\share\vm\prims\jni.cpp, line 709]
Event: 3.999 Thread 0x0000000002278000 Exception <a 'sun/nio/fs/WindowsException'> (0x000000077234b5d8) thrown at [D:\re\workspace\8-2-build-windows-amd64-cygwin\jdk8u77\6540\hotspot\src\share\vm\prims\jni.cpp, line 709]
Event: 4.001 Thread 0x0000000002278000 Exception <a 'sun/nio/fs/WindowsException'> (0x000000077234f228) thrown at [D:\re\workspace\8-2-build-windows-amd64-cygwin\jdk8u77\6540\hotspot\src\share\vm\prims\jni.cpp, line 709]
Event: 4.002 Thread 0x0000000002278000 Exception <a 'sun/nio/fs/WindowsException'> (0x0000000772353088) thrown at [D:\re\workspace\8-2-build-windows-amd64-cygwin\jdk8u77\6540\hotspot\src\share\vm\prims\jni.cpp, line 709]
Event: 4.004 Thread 0x0000000002278000 Exception <a 'sun/nio/fs/WindowsException'> (0x0000000772356fa0) thrown at [D:\re\workspace\8-2-build-windows-amd64-cygwin\jdk8u77\6540\hotspot\src\share\vm\prims\jni.cpp, line 709]
Event: 4.035 Thread 0x0000000002278000 Exception <a 'sun/nio/fs/WindowsException'> (0x000000077235ae60) thrown at [D:\re\workspace\8-2-build-windows-amd64-cygwin\jdk8u77\6540\hotspot\src\share\vm\prims\jni.cpp, line 709]
Event: 4.037 Thread 0x0000000002278000 Exception <a 'sun/nio/fs/WindowsException'> (0x000000077235eb68) thrown at [D:\re\workspace\8-2-build-windows-amd64-cygwin\jdk8u77\6540\hotspot\src\share\vm\prims\jni.cpp, line 709]
Event: 4.038 Thread 0x0000000002278000 Exception <a 'sun/nio/fs/WindowsException'> (0x0000000772362d58) thrown at [D:\re\workspace\8-2-build-windows-amd64-cygwin\jdk8u77\6540\hotspot\src\share\vm\prims\jni.cpp, line 709]
Event: 4.043 Thread 0x0000000002278000 Exception <a 'sun/nio/fs/WindowsException'> (0x0000000772366f28) thrown at [D:\re\workspace\8-2-build-windows-amd64-cygwin\jdk8u77\6540\hotspot\src\share\vm\prims\jni.cpp, line 709]
Event: 4.044 Thread 0x0000000002278000 Exception <a 'sun/nio/fs/WindowsException'> (0x000000077236ada0) thrown at [D:\re\workspace\8-2-build-windows-amd64-cygwin\jdk8u77\6540\hotspot\src\share\vm\prims\jni.cpp, line 709]

Events (10 events):
Event: 4.613 Executing VM operation: ParallelGCSystemGC done
Event: 4.613 Executing VM operation: RevokeBias
Event: 4.613 Executing VM operation: RevokeBias done
Event: 4.613 Executing VM operation: RevokeBias
Event: 4.613 Executing VM operation: RevokeBias done
Event: 4.613 Executing VM operation: RevokeBias
Event: 4.613 Executing VM operation: RevokeBias done
Event: 4.614 Thread 0x000000001bdfa800 Uncommon trap: trap_request=0xffffffc6 fr.pc=0x0000000003094548
Event: 4.614 Thread 0x000000001bdfa800 DEOPT PACKING pc=0x0000000003094548 sp=0x000000001d30edc0
Event: 4.614 Thread 0x000000001bdfa800 DEOPT UNPACKING pc=0x000000000275582a sp=0x000000001d30ecf8 mode 2


Dynamic libraries:
0x000000013f310000 - 0x000000013f347000 	C:\Program Files\Java\jdk1.8.0_77\bin\java.exe
0x0000000077a60000 - 0x0000000077bff000 	C:\Windows\SYSTEM32\ntdll.dll
0x0000000077940000 - 0x0000000077a5f000 	C:\Windows\system32\kernel32.dll
0x000007fefd7b0000 - 0x000007fefd81a000 	C:\Windows\system32\KERNELBASE.dll
0x000007feffc70000 - 0x000007feffd4b000 	C:\Windows\system32\ADVAPI32.dll
0x000007feff820000 - 0x000007feff8bf000 	C:\Windows\system32\msvcrt.dll
0x000007feff760000 - 0x000007feff77f000 	C:\Windows\SYSTEM32\sechost.dll
0x000007feff500000 - 0x000007feff62d000 	C:\Windows\system32\RPCRT4.dll
0x0000000077840000 - 0x000000007793a000 	C:\Windows\system32\USER32.dll
0x000007feff6f0000 - 0x000007feff757000 	C:\Windows\system32\GDI32.dll
0x000007fefdbe0000 - 0x000007fefdbee000 	C:\Windows\system32\LPK.dll
0x000007fefdb10000 - 0x000007fefdbdb000 	C:\Windows\system32\USP10.dll
0x000007fefbe90000 - 0x000007fefc084000 	C:\Windows\WinSxS\amd64_microsoft.windows.common-controls_6595b64144ccf1df_6.0.7601.18837_none_fa3b1e3d17594757\COMCTL32.dll
0x000007fefee30000 - 0x000007fefeea1000 	C:\Windows\system32\SHLWAPI.dll
0x000007fefeeb0000 - 0x000007fefeede000 	C:\Windows\system32\IMM32.DLL
0x000007feff3f0000 - 0x000007feff4f9000 	C:\Windows\system32\MSCTF.dll
0x0000000058f90000 - 0x0000000059062000 	C:\Program Files\Java\jdk1.8.0_77\jre\bin\msvcr100.dll
0x000000006fd70000 - 0x0000000070600000 	C:\Program Files\Java\jdk1.8.0_77\jre\bin\server\jvm.dll
0x000007fefc110000 - 0x000007fefc119000 	C:\Windows\system32\WSOCK32.dll
0x000007feff2c0000 - 0x000007feff30d000 	C:\Windows\system32\WS2_32.dll
0x000007fefdb00000 - 0x000007fefdb08000 	C:\Windows\system32\NSI.dll
0x000007fefcac0000 - 0x000007fefcafb000 	C:\Windows\system32\WINMM.dll
0x000007fefc5e0000 - 0x000007fefc5ec000 	C:\Windows\system32\VERSION.dll
0x0000000077c10000 - 0x0000000077c17000 	C:\Windows\system32\PSAPI.DLL
0x000000005c380000 - 0x000000005c38f000 	C:\Program Files\Java\jdk1.8.0_77\jre\bin\verify.dll
0x000000005c350000 - 0x000000005c379000 	C:\Program Files\Java\jdk1.8.0_77\jre\bin\java.dll
0x000000005c320000 - 0x000000005c343000 	C:\Program Files\Java\jdk1.8.0_77\jre\bin\instrument.dll
0x000000005c300000 - 0x000000005c316000 	C:\Program Files\Java\jdk1.8.0_77\jre\bin\zip.dll
0x000007fefe0a0000 - 0x000007fefee2a000 	C:\Windows\system32\SHELL32.dll
0x000007feff0c0000 - 0x000007feff2bf000 	C:\Windows\system32\ole32.dll
0x000007fefd5b0000 - 0x000007fefd5bf000 	C:\Windows\system32\profapi.dll
0x000000005c2e0000 - 0x000000005c2fa000 	C:\Program Files\Java\jdk1.8.0_77\jre\bin\net.dll
0x000007fefcd10000 - 0x000007fefcd65000 	C:\Windows\system32\mswsock.dll
0x000007fefcd00000 - 0x000007fefcd07000 	C:\Windows\System32\wship6.dll
0x000007fef4a70000 - 0x000007fef4a7a000 	D:\maven\apachemaven\lib\jansi-native\windows64\jansi.dll
0x000000005c2c0000 - 0x000000005c2d1000 	C:\Program Files\Java\jdk1.8.0_77\jre\bin\nio.dll
0x000000005c2b0000 - 0x000000005c2bd000 	C:\Program Files\Java\jdk1.8.0_77\jre\bin\management.dll
0x000007fefb560000 - 0x000007fefb575000 	C:\Windows\system32\NLAapi.dll
0x000007fef8970000 - 0x000007fef8985000 	C:\Windows\system32\napinsp.dll
0x000007fef8950000 - 0x000007fef8969000 	C:\Windows\system32\pnrpnsp.dll
0x000007fefcb90000 - 0x000007fefcbeb000 	C:\Windows\system32\DNSAPI.dll
0x000007fef8940000 - 0x000007fef894b000 	C:\Windows\System32\winrnr.dll
0x000007fefc6b0000 - 0x000007fefc6b7000 	C:\Windows\System32\wshtcpip.dll
0x000007fefb140000 - 0x000007fefb167000 	C:\Windows\system32\IPHLPAPI.DLL
0x000007fefb120000 - 0x000007fefb12b000 	C:\Windows\system32\WINNSI.DLL
0x000007fef8710000 - 0x000007fef8718000 	C:\Windows\system32\rasadhlp.dll
0x000007fefacc0000 - 0x000007fefad13000 	C:\Windows\System32\fwpuclnt.dll

VM Arguments:
jvm_args: -Dmaven.multiModuleProjectDirectory=F:\kol2\KOL\kol-friends -Dmaven.home=D:\maven\apachemaven -Dclassworlds.conf=D:\maven\apachemaven\bin\m2.conf -javaagent:D:\环境\IntelliJ IDEA 2018.2.5\lib\idea_rt.jar=56650:D:\环境\IntelliJ IDEA 2018.2.5\bin -Dfile.encoding=UTF-8 
java_command: org.codehaus.classworlds.Launcher -Didea.version=2018.2.5 -s D:\maven\apachemaven\conf\settings.xml -Dmaven.repo.local=D:\maven\maven-dependcies install
java_class_path (initial): D:\maven\apachemaven\boot\plexus-classworlds-2.5.2.jar;D:\环境\IntelliJ IDEA 2018.2.5\lib\idea_rt.jar
Launcher Type: SUN_STANDARD

Environment Variables:
JAVA_HOME=C:\Program Files\Java\jdk1.8.0_77
CLASSPATH=.;C:\Program Files\Java\jdk1.8.0_77\lib;C:\Program Files\Java\jdk1.8.0_77\lib\tools.jar
PATH=C:\ProgramData\Oracle\Java\javapath;C:\Windows\system32;C:\Windows;C:\Windows\System32\Wbem;C:\Windows\System32\WindowsPowerShell\v1.0\;C:\Program Files\Java\jdk1.8.0_77\bin;C:\Program Files\Java\jdk1.8.0_77\jre\bin;D:\maven\apachemaven\bin\;D:\apache-tomcat-7.0.91\lib;D:\apache-tomcat-7.0.91\bin;D:\mysql-5.6.42-winx64\bin;D:\Git\cmd;D:\bin
USERNAME=Administrator
OS=Windows_NT
PROCESSOR_IDENTIFIER=Intel64 Family 6 Model 158 Stepping 9, GenuineIntel



---------------  S Y S T E M  ---------------

OS: Windows 7 , 64 bit Build 7601 (6.1.7601.24308)

CPU:total 4 (4 cores per cpu, 1 threads per core) family 6 model 158 stepping 9, cmov, cx8, fxsr, mmx, sse, sse2, sse3, ssse3, sse4.1, sse4.2, popcnt, avx, avx2, aes, clmul, erms, rtm, 3dnowpref, lzcnt, tsc, tscinvbit, bmi1, bmi2, adx

Memory: 4k page, physical 16642168k(10027816k free), swap 33282436k(22505444k free)

vm_info: Java HotSpot(TM) 64-Bit Server VM (25.77-b03) for windows-amd64 JRE (1.8.0_77-b03), built on Mar 20 2016 22:01:33 by "java_re" with MS VC++ 10.0 (VS2010)

time: Wed Mar 27 16:04:12 2019
elapsed time: 4 seconds (0d 0h 0m 4s)

